# JRE version: Java(TM) SE Runtime Environment (7.0_60-b19) (build 1.7.0_60-b19)
# Java VM: Java HotSpot(TM) 64-Bit Server VM (24.60-b09 mixed mode linux-amd64 compressed oops)
Heap
 PSYoungGen      total 647680K, used 347049K [0x00000000d7700000, 0x00000000ff700000, 0x0000000100000000)
  eden space 640000K, 53% used [0x00000000d7700000,0x00000000ec5e0368,0x00000000fe800000)
  from space 7680K, 53% used [0x00000000fef80000,0x00000000ff38a2f8,0x00000000ff700000)
  to   space 7680K, 0% used [0x00000000fe800000,0x00000000fe800000,0x00000000fef80000)
 ParOldGen       total 82944K, used 21180K [0x0000000086600000, 0x000000008b700000, 0x00000000d7700000)
  object space 82944K, 25% used [0x0000000086600000,0x0000000087aaf1c0,0x000000008b700000)
 PSPermGen       total 34304K, used 33968K [0x0000000081400000, 0x0000000083580000, 0x0000000086600000)
  object space 34304K, 99% used [0x0000000081400000,0x000000008352c1d8,0x0000000083580000)
GC Heap History (10 events):
Event: 11,276 GC heap before
{Heap before GC invocations=8 (full 0):
 PSYoungGen      total 132608K, used 130610K [0x00000000d7700000, 0x00000000e7a00000, 0x0000000100000000)
  eden space 124928K, 100% used [0x00000000d7700000,0x00000000df100000,0x00000000df100000)
  from space 7680K, 73% used [0x00000000df100000,0x00000000df68c920,0x00000000df880000)
  to   space 7680K, 0% used [0x00000000e7280000,0x00000000e7280000,0x00000000e7a00000)
 ParOldGen       total 82944K, used 6735K [0x0000000086600000, 0x000000008b700000, 0x00000000d7700000)
  object space 82944K, 8% used [0x0000000086600000,0x0000000086c93ff8,0x000000008b700000)
 PSPermGen       total 24064K, used 23565K [0x0000000081400000, 0x0000000082b80000, 0x0000000086600000)
  object space 24064K, 97% used [0x0000000081400000,0x0000000082b03430,0x0000000082b80000)
Event: 11,295 GC heap after
Heap after GC invocations=8 (full 0):
 PSYoungGen      total 257536K, used 5232K [0x00000000d7700000, 0x00000000e7a00000, 0x0000000100000000)
  eden space 249856K, 0% used [0x00000000d7700000,0x00000000d7700000,0x00000000e6b00000)
  from space 7680K, 68% used [0x00000000e7280000,0x00000000e779c388,0x00000000e7a00000)
  to   space 7680K, 0% used [0x00000000e6b00000,0x00000000e6b00000,0x00000000e7280000)
 ParOldGen       total 82944K, used 8672K [0x0000000086600000, 0x000000008b700000, 0x00000000d7700000)
  object space 82944K, 10% used [0x0000000086600000,0x0000000086e78028,0x000000008b700000)
 PSPermGen       total 24064K, used 23565K [0x0000000081400000, 0x0000000082b80000, 0x0000000086600000)
  object space 24064K, 97% used [0x0000000081400000,0x0000000082b03430,0x0000000082b80000)
}
Event: 12,087 GC heap before
{Heap before GC invocations=9 (full 0):
 PSYoungGen      total 257536K, used 255088K [0x00000000d7700000, 0x00000000e7a00000, 0x0000000100000000)
  eden space 249856K, 100% used [0x00000000d7700000,0x00000000e6b00000,0x00000000e6b00000)
  from space 7680K, 68% used [0x00000000e7280000,0x00000000e779c388,0x00000000e7a00000)
  to   space 7680K, 0% used [0x00000000e6b00000,0x00000000e6b00000,0x00000000e7280000)
 ParOldGen       total 82944K, used 8672K [0x0000000086600000, 0x000000008b700000, 0x00000000d7700000)
  object space 82944K, 10% used [0x0000000086600000,0x0000000086e78028,0x000000008b700000)
 PSPermGen       total 24064K, used 23617K [0x0000000081400000, 0x0000000082b80000, 0x0000000086600000)
  object space 24064K, 98% used [0x0000000081400000,0x0000000082b10738,0x0000000082b80000)
Event: 12,102 GC heap after
Heap after GC invocations=9 (full 0):
 PSYoungGen      total 257536K, used 4304K [0x00000000d7700000, 0x00000000f0c80000, 0x0000000100000000)
  eden space 249856K, 0% used [0x00000000d7700000,0x00000000d7700000,0x00000000e6b00000)
  from space 7680K, 56% used [0x00000000e6b00000,0x00000000e6f34010,0x00000000e7280000)
  to   space 7680K, 0% used [0x00000000f0500000,0x00000000f0500000,0x00000000f0c80000)
 ParOldGen       total 82944K, used 10141K [0x0000000086600000, 0x000000008b700000, 0x00000000d7700000)
  object space 82944K, 12% used [0x0000000086600000,0x0000000086fe7508,0x000000008b700000)
 PSPermGen       total 24064K, used 23617K [0x0000000081400000, 0x0000000082b80000, 0x0000000086600000)
  object space 24064K, 98% used [0x0000000081400000,0x0000000082b10738,0x0000000082b80000)
}
Event: 12,714 GC heap before
{Heap before GC invocations=10 (full 0):
 PSYoungGen      total 257536K, used 254160K [0x00000000d7700000, 0x00000000f0c80000, 0x0000000100000000)
  eden space 249856K, 100% used [0x00000000d7700000,0x00000000e6b00000,0x00000000e6b00000)
  from space 7680K, 56% used [0x00000000e6b00000,0x00000000e6f34010,0x00000000e7280000)
  to   space 7680K, 0% used [0x00000000f0500000,0x00000000f0500000,0x00000000f0c80000)
 ParOldGen       total 82944K, used 10141K [0x0000000086600000, 0x000000008b700000, 0x00000000d7700000)
  object space 82944K, 12% used [0x0000000086600000,0x0000000086fe7508,0x000000008b700000)
 PSPermGen       total 24064K, used 23949K [0x0000000081400000, 0x0000000082b80000, 0x0000000086600000)
  object space 24064K, 99% used [0x0000000081400000,0x0000000082b63408,0x0000000082b80000)
Event: 12,732 GC heap after
Heap after GC invocations=10 (full 0):
 PSYoungGen      total 407552K, used 3488K [0x00000000d7700000, 0x00000000f0c80000, 0x0000000100000000)
  eden space 399872K, 0% used [0x00000000d7700000,0x00000000d7700000,0x00000000efd80000)
  from space 7680K, 45% used [0x00000000f0500000,0x00000000f0868000,0x00000000f0c80000)
  to   space 7680K, 0% used [0x00000000efd80000,0x00000000efd80000,0x00000000f0500000)
 ParOldGen       total 82944K, used 13610K [0x0000000086600000, 0x000000008b700000, 0x00000000d7700000)
  object space 82944K, 16% used [0x0000000086600000,0x000000008734aa58,0x000000008b700000)
 PSPermGen       total 24064K, used 23949K [0x0000000081400000, 0x0000000082b80000, 0x0000000086600000)
  object space 24064K, 99% used [0x0000000081400000,0x0000000082b63408,0x0000000082b80000)
}
Event: 16,723 GC heap before
{Heap before GC invocations=11 (full 0):
 PSYoungGen      total 407552K, used 403360K [0x00000000d7700000, 0x00000000f0c80000, 0x0000000100000000)
  eden space 399872K, 100% used [0x00000000d7700000,0x00000000efd80000,0x00000000efd80000)
  from space 7680K, 45% used [0x00000000f0500000,0x00000000f0868000,0x00000000f0c80000)
  to   space 7680K, 0% used [0x00000000efd80000,0x00000000efd80000,0x00000000f0500000)
 ParOldGen       total 82944K, used 13610K [0x0000000086600000, 0x000000008b700000, 0x00000000d7700000)
  object space 82944K, 16% used [0x0000000086600000,0x000000008734aa58,0x000000008b700000)
 PSPermGen       total 27136K, used 26682K [0x0000000081400000, 0x0000000082e80000, 0x0000000086600000)
  object space 27136K, 98% used [0x0000000081400000,0x0000000082e0e928,0x0000000082e80000)
Event: 16,771 GC heap after
Heap after GC invocations=11 (full 0):
 PSYoungGen      total 407552K, used 4288K [0x00000000d7700000, 0x00000000ff700000, 0x0000000100000000)
  eden space 399872K, 0% used [0x00000000d7700000,0x00000000d7700000,0x00000000efd80000)
  from space 7680K, 55% used [0x00000000efd80000,0x00000000f01b0000,0x00000000f0500000)
  to   space 7680K, 0% used [0x00000000fef80000,0x00000000fef80000,0x00000000ff700000)
 ParOldGen       total 82944K, used 17052K [0x0000000086600000, 0x000000008b700000, 0x00000000d7700000)
  object space 82944K, 20% used [0x0000000086600000,0x00000000876a71c0,0x000000008b700000)
 PSPermGen       total 27136K, used 26682K [0x0000000081400000, 0x0000000082e80000, 0x0000000086600000)
  object space 27136K, 98% used [0x0000000081400000,0x0000000082e0e928,0x0000000082e80000)
}
Event: 19,858 GC heap before
{Heap before GC invocations=12 (full 0):
 PSYoungGen      total 407552K, used 404160K [0x00000000d7700000, 0x00000000ff700000, 0x0000000100000000)
  eden space 399872K, 100% used [0x00000000d7700000,0x00000000efd80000,0x00000000efd80000)
  from space 7680K, 55% used [0x00000000efd80000,0x00000000f01b0000,0x00000000f0500000)
  to   space 7680K, 0% used [0x00000000fef80000,0x00000000fef80000,0x00000000ff700000)
 ParOldGen       total 82944K, used 17052K [0x0000000086600000, 0x000000008b700000, 0x00000000d7700000)
  object space 82944K, 20% used [0x0000000086600000,0x00000000876a71c0,0x000000008b700000)
 PSPermGen       total 29696K, used 29483K [0x0000000081400000, 0x0000000083100000, 0x0000000086600000)
  object space 29696K, 99% used [0x0000000081400000,0x00000000830cac40,0x0000000083100000)
Event: 19,889 GC heap after
Heap after GC invocations=12 (full 0):
 PSYoungGen      total 647680K, used 4136K [0x00000000d7700000, 0x00000000ff700000, 0x0000000100000000)
  eden space 640000K, 0% used [0x00000000d7700000,0x00000000d7700000,0x00000000fe800000)
  from space 7680K, 53% used [0x00000000fef80000,0x00000000ff38a2f8,0x00000000ff700000)
  to   space 7680K, 0% used [0x00000000fe800000,0x00000000fe800000,0x00000000fef80000)
 ParOldGen       total 82944K, used 21180K [0x0000000086600000, 0x000000008b700000, 0x00000000d7700000)
  object space 82944K, 25% used [0x0000000086600000,0x0000000087aaf1c0,0x000000008b700000)
 PSPermGen       total 29696K, used 29483K [0x0000000081400000, 0x0000000083100000, 0x0000000086600000)
  object space 29696K, 99% used [0x0000000081400000,0x00000000830cac40,0x0000000083100000)
}

